[INFO] Scanning for projects...
[INFO] 
[INFO] ------------------------------------------------------------------------
[INFO] Building springsecurity 0.0.1-SNAPSHOT
[INFO] ------------------------------------------------------------------------
[INFO] 
[INFO] >>> spring-boot-maven-plugin:1.4.7.RELEASE:run (default-cli) > test-compile @ springsecurity >>>
[INFO] 
[INFO] --- maven-resources-plugin:2.6:resources (default-resources) @ springsecurity ---
[INFO] Using 'UTF-8' encoding to copy filtered resources.
[INFO] Copying 1 resource
[INFO] Copying 0 resource
[INFO] 
[INFO] --- maven-compiler-plugin:3.1:compile (default-compile) @ springsecurity ---
[INFO] Nothing to compile - all classes are up to date
[INFO] 
[INFO] --- maven-resources-plugin:2.6:testResources (default-testResources) @ springsecurity ---
[INFO] Using 'UTF-8' encoding to copy filtered resources.
[INFO] skip non existing resourceDirectory /Users/jose/dxtr/tecsup/springboot-security/src/test/resources
[INFO] 
[INFO] --- maven-compiler-plugin:3.1:testCompile (default-testCompile) @ springsecurity ---
[INFO] Nothing to compile - all classes are up to date
[INFO] 
[INFO] <<< spring-boot-maven-plugin:1.4.7.RELEASE:run (default-cli) < test-compile @ springsecurity <<<
[INFO] 
[INFO] 
[INFO] --- spring-boot-maven-plugin:1.4.7.RELEASE:run (default-cli) @ springsecurity ---

  .   ____          _            __ _ _
 /\\ / ___'_ __ _ _(_)_ __  __ _ \ \ \ \
( ( )\___ | '_ | '_| | '_ \/ _` | \ \ \ \
 \\/  ___)| |_)| | | | | || (_| |  ) ) ) )
  '  |____| .__|_| |_|_| |_\__, | / / / /
 =========|_|==============|___/=/_/_/_/
 :: Spring Boot ::        (v1.4.7.RELEASE)

2017-11-26 12:09:58.090  INFO 15601 --- [           main] p.e.t.security.SpringmvcApplication      : Starting SpringmvcApplication on Joses-MacBook-Air.local with PID 15601 (/Users/jose/dxtr/tecsup/springboot-security/target/classes started by jose in /Users/jose/dxtr/tecsup/springboot-security)
2017-11-26 12:09:58.096  INFO 15601 --- [           main] p.e.t.security.SpringmvcApplication      : No active profile set, falling back to default profiles: default
2017-11-26 12:09:58.280  INFO 15601 --- [           main] ationConfigEmbeddedWebApplicationContext : Refreshing org.springframework.boot.context.embedded.AnnotationConfigEmbeddedWebApplicationContext@5b02ad5a: startup date [Sun Nov 26 12:09:58 PET 2017]; root of context hierarchy
2017-11-26 12:10:01.354  INFO 15601 --- [           main] s.b.c.e.t.TomcatEmbeddedServletContainer : Tomcat initialized with port(s): 8080 (http)
2017-11-26 12:10:01.376  INFO 15601 --- [           main] o.apache.catalina.core.StandardService   : Starting service [Tomcat]
2017-11-26 12:10:01.378  INFO 15601 --- [           main] org.apache.catalina.core.StandardEngine  : Starting Servlet Engine: Apache Tomcat/8.5.15
2017-11-26 12:10:01.701  INFO 15601 --- [ost-startStop-1] org.apache.jasper.servlet.TldScanner     : At least one JAR was scanned for TLDs yet contained no TLDs. Enable debug logging for this logger for a complete list of JARs that were scanned but no TLDs were found in them. Skipping unneeded JARs during scanning can improve startup time and JSP compilation time.
2017-11-26 12:10:01.706  INFO 15601 --- [ost-startStop-1] o.a.c.c.C.[Tomcat].[localhost].[/]       : Initializing Spring embedded WebApplicationContext
2017-11-26 12:10:01.706  INFO 15601 --- [ost-startStop-1] o.s.web.context.ContextLoader            : Root WebApplicationContext: initialization completed in 3440 ms
2017-11-26 12:10:02.014  INFO 15601 --- [ost-startStop-1] o.s.b.w.servlet.FilterRegistrationBean   : Mapping filter: 'characterEncodingFilter' to: [/*]
2017-11-26 12:10:02.015  INFO 15601 --- [ost-startStop-1] o.s.b.w.servlet.FilterRegistrationBean   : Mapping filter: 'hiddenHttpMethodFilter' to: [/*]
2017-11-26 12:10:02.016  INFO 15601 --- [ost-startStop-1] o.s.b.w.servlet.FilterRegistrationBean   : Mapping filter: 'httpPutFormContentFilter' to: [/*]
2017-11-26 12:10:02.016  INFO 15601 --- [ost-startStop-1] o.s.b.w.servlet.FilterRegistrationBean   : Mapping filter: 'requestContextFilter' to: [/*]
2017-11-26 12:10:02.017  INFO 15601 --- [ost-startStop-1] .s.DelegatingFilterProxyRegistrationBean : Mapping filter: 'springSecurityFilterChain' to: [/*]
2017-11-26 12:10:02.018  INFO 15601 --- [ost-startStop-1] o.s.b.w.servlet.FilterRegistrationBean   : Mapping filter: 'hibernateFilter' to urls: [/*]
2017-11-26 12:10:02.018  INFO 15601 --- [ost-startStop-1] o.s.b.w.servlet.ServletRegistrationBean  : Mapping servlet: 'dispatcherServlet' to [/]
2017-11-26 12:10:02.095  INFO 15601 --- [           main] com.mchange.v2.log.MLog                  : MLog clients using log4j logging.
2017-11-26 12:10:02.124  INFO 15601 --- [           main] com.mchange.v2.c3p0.C3P0Registry         : Initializing c3p0-0.9.1.2 [built 21-May-2007 15:04:56; debug? true; trace: 10]
2017-11-26 12:10:02.362  INFO 15601 --- [           main] c.m.v.c.i.AbstractPoolBackedDataSource   : Initializing c3p0 pool... com.mchange.v2.c3p0.ComboPooledDataSource [ acquireIncrement -> 3, acquireRetryAttempts -> 30, acquireRetryDelay -> 1000, autoCommitOnClose -> false, automaticTestTable -> null, breakAfterAcquireFailure -> false, checkoutTimeout -> 0, connectionCustomizerClassName -> null, connectionTesterClassName -> com.mchange.v2.c3p0.impl.DefaultConnectionTester, dataSourceName -> 2zptff9r1x69dhdfe7bch|6960e3ba, debugUnreturnedConnectionStackTraces -> false, description -> null, driverClass -> com.mysql.jdbc.Driver, factoryClassLocation -> null, forceIgnoreUnresolvedTransactions -> false, identityToken -> 2zptff9r1x69dhdfe7bch|6960e3ba, idleConnectionTestPeriod -> 0, initialPoolSize -> 3, jdbcUrl -> jdbc:mysql://localhost/tecsup?autoReconnect=true&useSSL=false, maxAdministrativeTaskTime -> 0, maxConnectionAge -> 0, maxIdleTime -> 20, maxIdleTimeExcessConnections -> 0, maxPoolSize -> 20, maxStatements -> 0, maxStatementsPerConnection -> 0, minPoolSize -> 5, numHelperThreads -> 3, numThreadsAwaitingCheckoutDefaultUser -> 0, preferredTestQuery -> null, properties -> {user=******, password=******}, propertyCycle -> 0, testConnectionOnCheckin -> false, testConnectionOnCheckout -> false, unreturnedConnectionTimeout -> 0, usesTraditionalReflectiveProxies -> false ]
2017-11-26 12:10:02.947  INFO 15601 --- [           main] j.LocalContainerEntityManagerFactoryBean : Building JPA container EntityManagerFactory for persistence unit 'default'
2017-11-26 12:10:02.976  INFO 15601 --- [           main] o.hibernate.jpa.internal.util.LogHelper  : HHH000204: Processing PersistenceUnitInfo [
	name: default
	...]
2017-11-26 12:10:03.118  INFO 15601 --- [           main] org.hibernate.Version                    : HHH000412: Hibernate Core {5.0.12.Final}
2017-11-26 12:10:03.121  INFO 15601 --- [           main] org.hibernate.cfg.Environment            : HHH000206: hibernate.properties not found
2017-11-26 12:10:03.124  INFO 15601 --- [           main] org.hibernate.cfg.Environment            : HHH000021: Bytecode provider name : javassist
2017-11-26 12:10:03.189  INFO 15601 --- [           main] o.hibernate.annotations.common.Version   : HCANN000001: Hibernate Commons Annotations {5.0.1.Final}
2017-11-26 12:10:03.399  INFO 15601 --- [           main] org.hibernate.dialect.Dialect            : HHH000400: Using dialect: org.hibernate.dialect.MySQL5Dialect
2017-11-26 12:10:03.467  INFO 15601 --- [           main] o.h.e.j.e.i.LobCreatorBuilderImpl        : HHH000424: Disabling contextual LOB creation as createClob() method threw error : java.lang.reflect.InvocationTargetException
2017-11-26 12:10:04.306  INFO 15601 --- [           main] j.LocalContainerEntityManagerFactoryBean : Initialized JPA EntityManagerFactory for persistence unit 'default'
2017-11-26 12:10:04.717  INFO 15601 --- [           main] org.hibernate.dialect.Dialect            : HHH000400: Using dialect: org.hibernate.dialect.MySQLDialect
2017-11-26 12:10:04.727  INFO 15601 --- [           main] o.h.e.j.e.i.LobCreatorBuilderImpl        : HHH000424: Disabling contextual LOB creation as createClob() method threw error : java.lang.reflect.InvocationTargetException
2017-11-26 12:10:04.798  INFO 15601 --- [           main] o.s.aop.framework.CglibAopProxy          : Final method [protected final org.hibernate.Session org.springframework.orm.hibernate5.support.HibernateDaoSupport.currentSession() throws org.springframework.dao.DataAccessResourceFailureException] cannot get proxied via CGLIB: Calls to this method will NOT be routed to the target instance and might lead to NPEs against uninitialized fields in the proxy instance.
2017-11-26 12:10:04.798  INFO 15601 --- [           main] o.s.aop.framework.CglibAopProxy          : Final method [public final org.hibernate.SessionFactory org.springframework.orm.hibernate5.support.HibernateDaoSupport.getSessionFactory()] cannot get proxied via CGLIB: Calls to this method will NOT be routed to the target instance and might lead to NPEs against uninitialized fields in the proxy instance.
2017-11-26 12:10:04.799  INFO 15601 --- [           main] o.s.aop.framework.CglibAopProxy          : Final method [public final void org.springframework.orm.hibernate5.support.HibernateDaoSupport.setHibernateTemplate(org.springframework.orm.hibernate5.HibernateTemplate)] cannot get proxied via CGLIB: Calls to this method will NOT be routed to the target instance and might lead to NPEs against uninitialized fields in the proxy instance.
2017-11-26 12:10:04.799  INFO 15601 --- [           main] o.s.aop.framework.CglibAopProxy          : Final method [public final org.springframework.orm.hibernate5.HibernateTemplate org.springframework.orm.hibernate5.support.HibernateDaoSupport.getHibernateTemplate()] cannot get proxied via CGLIB: Calls to this method will NOT be routed to the target instance and might lead to NPEs against uninitialized fields in the proxy instance.
2017-11-26 12:10:04.799  INFO 15601 --- [           main] o.s.aop.framework.CglibAopProxy          : Final method [protected final void org.springframework.orm.hibernate5.support.HibernateDaoSupport.checkDaoConfig()] cannot get proxied via CGLIB: Calls to this method will NOT be routed to the target instance and might lead to NPEs against uninitialized fields in the proxy instance.
2017-11-26 12:10:04.799  INFO 15601 --- [           main] o.s.aop.framework.CglibAopProxy          : Final method [public final void org.springframework.orm.hibernate5.support.HibernateDaoSupport.setSessionFactory(org.hibernate.SessionFactory)] cannot get proxied via CGLIB: Calls to this method will NOT be routed to the target instance and might lead to NPEs against uninitialized fields in the proxy instance.
2017-11-26 12:10:04.800  WARN 15601 --- [           main] o.s.aop.framework.CglibAopProxy          : Unable to proxy interface-implementing method [public final void org.springframework.dao.support.DaoSupport.afterPropertiesSet() throws java.lang.IllegalArgumentException,org.springframework.beans.factory.BeanInitializationException] because it is marked as final: Consider using interface-based JDK proxies instead!
2017-11-26 12:10:04.800  INFO 15601 --- [           main] o.s.aop.framework.CglibAopProxy          : Final method [public final void org.springframework.dao.support.DaoSupport.afterPropertiesSet() throws java.lang.IllegalArgumentException,org.springframework.beans.factory.BeanInitializationException] cannot get proxied via CGLIB: Calls to this method will NOT be routed to the target instance and might lead to NPEs against uninitialized fields in the proxy instance.
2017-11-26 12:10:04.880  INFO 15601 --- [           main] o.s.aop.framework.CglibAopProxy          : Final method [protected final org.hibernate.Session org.springframework.orm.hibernate5.support.HibernateDaoSupport.currentSession() throws org.springframework.dao.DataAccessResourceFailureException] cannot get proxied via CGLIB: Calls to this method will NOT be routed to the target instance and might lead to NPEs against uninitialized fields in the proxy instance.
2017-11-26 12:10:04.880  INFO 15601 --- [           main] o.s.aop.framework.CglibAopProxy          : Final method [public final org.hibernate.SessionFactory org.springframework.orm.hibernate5.support.HibernateDaoSupport.getSessionFactory()] cannot get proxied via CGLIB: Calls to this method will NOT be routed to the target instance and might lead to NPEs against uninitialized fields in the proxy instance.
2017-11-26 12:10:04.881  INFO 15601 --- [           main] o.s.aop.framework.CglibAopProxy          : Final method [public final void org.springframework.orm.hibernate5.support.HibernateDaoSupport.setHibernateTemplate(org.springframework.orm.hibernate5.HibernateTemplate)] cannot get proxied via CGLIB: Calls to this method will NOT be routed to the target instance and might lead to NPEs against uninitialized fields in the proxy instance.
2017-11-26 12:10:04.881  INFO 15601 --- [           main] o.s.aop.framework.CglibAopProxy          : Final method [public final org.springframework.orm.hibernate5.HibernateTemplate org.springframework.orm.hibernate5.support.HibernateDaoSupport.getHibernateTemplate()] cannot get proxied via CGLIB: Calls to this method will NOT be routed to the target instance and might lead to NPEs against uninitialized fields in the proxy instance.
2017-11-26 12:10:04.881  INFO 15601 --- [           main] o.s.aop.framework.CglibAopProxy          : Final method [protected final void org.springframework.orm.hibernate5.support.HibernateDaoSupport.checkDaoConfig()] cannot get proxied via CGLIB: Calls to this method will NOT be routed to the target instance and might lead to NPEs against uninitialized fields in the proxy instance.
2017-11-26 12:10:04.881  INFO 15601 --- [           main] o.s.aop.framework.CglibAopProxy          : Final method [public final void org.springframework.orm.hibernate5.support.HibernateDaoSupport.setSessionFactory(org.hibernate.SessionFactory)] cannot get proxied via CGLIB: Calls to this method will NOT be routed to the target instance and might lead to NPEs against uninitialized fields in the proxy instance.
2017-11-26 12:10:04.881  WARN 15601 --- [           main] o.s.aop.framework.CglibAopProxy          : Unable to proxy interface-implementing method [public final void org.springframework.dao.support.DaoSupport.afterPropertiesSet() throws java.lang.IllegalArgumentException,org.springframework.beans.factory.BeanInitializationException] because it is marked as final: Consider using interface-based JDK proxies instead!
2017-11-26 12:10:04.882  INFO 15601 --- [           main] o.s.aop.framework.CglibAopProxy          : Final method [public final void org.springframework.dao.support.DaoSupport.afterPropertiesSet() throws java.lang.IllegalArgumentException,org.springframework.beans.factory.BeanInitializationException] cannot get proxied via CGLIB: Calls to this method will NOT be routed to the target instance and might lead to NPEs against uninitialized fields in the proxy instance.
2017-11-26 12:10:04.901  INFO 15601 --- [           main] o.s.aop.framework.CglibAopProxy          : Final method [protected final org.hibernate.Session org.springframework.orm.hibernate5.support.HibernateDaoSupport.currentSession() throws org.springframework.dao.DataAccessResourceFailureException] cannot get proxied via CGLIB: Calls to this method will NOT be routed to the target instance and might lead to NPEs against uninitialized fields in the proxy instance.
2017-11-26 12:10:04.901  INFO 15601 --- [           main] o.s.aop.framework.CglibAopProxy          : Final method [public final org.hibernate.SessionFactory org.springframework.orm.hibernate5.support.HibernateDaoSupport.getSessionFactory()] cannot get proxied via CGLIB: Calls to this method will NOT be routed to the target instance and might lead to NPEs against uninitialized fields in the proxy instance.
2017-11-26 12:10:04.902  INFO 15601 --- [           main] o.s.aop.framework.CglibAopProxy          : Final method [public final void org.springframework.orm.hibernate5.support.HibernateDaoSupport.setHibernateTemplate(org.springframework.orm.hibernate5.HibernateTemplate)] cannot get proxied via CGLIB: Calls to this method will NOT be routed to the target instance and might lead to NPEs against uninitialized fields in the proxy instance.
2017-11-26 12:10:04.902  INFO 15601 --- [           main] o.s.aop.framework.CglibAopProxy          : Final method [public final org.springframework.orm.hibernate5.HibernateTemplate org.springframework.orm.hibernate5.support.HibernateDaoSupport.getHibernateTemplate()] cannot get proxied via CGLIB: Calls to this method will NOT be routed to the target instance and might lead to NPEs against uninitialized fields in the proxy instance.
2017-11-26 12:10:04.902  INFO 15601 --- [           main] o.s.aop.framework.CglibAopProxy          : Final method [protected final void org.springframework.orm.hibernate5.support.HibernateDaoSupport.checkDaoConfig()] cannot get proxied via CGLIB: Calls to this method will NOT be routed to the target instance and might lead to NPEs against uninitialized fields in the proxy instance.
2017-11-26 12:10:04.902  INFO 15601 --- [           main] o.s.aop.framework.CglibAopProxy          : Final method [public final void org.springframework.orm.hibernate5.support.HibernateDaoSupport.setSessionFactory(org.hibernate.SessionFactory)] cannot get proxied via CGLIB: Calls to this method will NOT be routed to the target instance and might lead to NPEs against uninitialized fields in the proxy instance.
2017-11-26 12:10:04.902  WARN 15601 --- [           main] o.s.aop.framework.CglibAopProxy          : Unable to proxy interface-implementing method [public final void org.springframework.dao.support.DaoSupport.afterPropertiesSet() throws java.lang.IllegalArgumentException,org.springframework.beans.factory.BeanInitializationException] because it is marked as final: Consider using interface-based JDK proxies instead!
2017-11-26 12:10:04.902  INFO 15601 --- [           main] o.s.aop.framework.CglibAopProxy          : Final method [public final void org.springframework.dao.support.DaoSupport.afterPropertiesSet() throws java.lang.IllegalArgumentException,org.springframework.beans.factory.BeanInitializationException] cannot get proxied via CGLIB: Calls to this method will NOT be routed to the target instance and might lead to NPEs against uninitialized fields in the proxy instance.
2017-11-26 12:10:04.943  INFO 15601 --- [           main] o.s.o.h.HibernateTransactionManager      : Using DataSource [com.mchange.v2.c3p0.ComboPooledDataSource [ acquireIncrement -> 3, acquireRetryAttempts -> 30, acquireRetryDelay -> 1000, autoCommitOnClose -> false, automaticTestTable -> null, breakAfterAcquireFailure -> false, checkoutTimeout -> 0, connectionCustomizerClassName -> null, connectionTesterClassName -> com.mchange.v2.c3p0.impl.DefaultConnectionTester, dataSourceName -> 2zptff9r1x69dhdfe7bch|6960e3ba, debugUnreturnedConnectionStackTraces -> false, description -> null, driverClass -> com.mysql.jdbc.Driver, factoryClassLocation -> null, forceIgnoreUnresolvedTransactions -> false, identityToken -> 2zptff9r1x69dhdfe7bch|6960e3ba, idleConnectionTestPeriod -> 0, initialPoolSize -> 3, jdbcUrl -> jdbc:mysql://localhost/tecsup?autoReconnect=true&useSSL=false, maxAdministrativeTaskTime -> 0, maxConnectionAge -> 0, maxIdleTime -> 20, maxIdleTimeExcessConnections -> 0, maxPoolSize -> 20, maxStatements -> 0, maxStatementsPerConnection -> 0, minPoolSize -> 5, numHelperThreads -> 3, numThreadsAwaitingCheckoutDefaultUser -> 0, preferredTestQuery -> null, properties -> {user=******, password=******}, propertyCycle -> 0, testConnectionOnCheckin -> false, testConnectionOnCheckout -> false, unreturnedConnectionTimeout -> 0, usesTraditionalReflectiveProxies -> false ]] of Hibernate SessionFactory for HibernateTransactionManager
2017-11-26 12:10:05.264  INFO 15601 --- [           main] o.s.s.web.DefaultSecurityFilterChain     : Creating filter chain: org.springframework.security.web.util.matcher.AnyRequestMatcher@1, [org.springframework.security.web.context.request.async.WebAsyncManagerIntegrationFilter@6799a497, org.springframework.security.web.context.SecurityContextPersistenceFilter@5694cd45, org.springframework.security.web.header.HeaderWriterFilter@708c5354, org.springframework.security.web.authentication.logout.LogoutFilter@449973a1, org.springframework.security.web.authentication.UsernamePasswordAuthenticationFilter@459b1756, org.springframework.security.web.savedrequest.RequestCacheAwareFilter@3d68df77, org.springframework.security.web.servletapi.SecurityContextHolderAwareRequestFilter@21362823, org.springframework.security.web.authentication.AnonymousAuthenticationFilter@7dfec331, org.springframework.security.web.session.SessionManagementFilter@270acd92, org.springframework.security.web.access.ExceptionTranslationFilter@67960bea, org.springframework.security.web.access.intercept.FilterSecurityInterceptor@4f6301b2]
2017-11-26 12:10:05.416  INFO 15601 --- [           main] s.w.s.m.m.a.RequestMappingHandlerAdapter : Looking for @ControllerAdvice: org.springframework.boot.context.embedded.AnnotationConfigEmbeddedWebApplicationContext@5b02ad5a: startup date [Sun Nov 26 12:09:58 PET 2017]; root of context hierarchy
2017-11-26 12:10:05.524  INFO 15601 --- [           main] s.w.s.m.m.a.RequestMappingHandlerMapping : Mapped "{[/admin/index]}" onto public java.lang.String pe.edu.tecsup.security.controller.ValidacionSeguridadController.cargarPortadaAdm(org.springframework.ui.Model)
2017-11-26 12:10:05.525  INFO 15601 --- [           main] s.w.s.m.m.a.RequestMappingHandlerMapping : Mapped "{[/index]}" onto public java.lang.String pe.edu.tecsup.security.controller.ValidacionSeguridadController.cargarPortadaVisitante(org.springframework.ui.Model)
2017-11-26 12:10:05.526  INFO 15601 --- [           main] s.w.s.m.m.a.RequestMappingHandlerMapping : Mapped "{[/ventas/index]}" onto public java.lang.String pe.edu.tecsup.security.controller.ValidacionSeguridadController.cargarPortadaVentas(org.springframework.ui.Model)
2017-11-26 12:10:05.526  INFO 15601 --- [           main] s.w.s.m.m.a.RequestMappingHandlerMapping : Mapped "{[/login || /]}" onto public java.lang.String pe.edu.tecsup.security.controller.security.LoginController.index(java.lang.String,org.springframework.ui.Model)
2017-11-26 12:10:05.533  INFO 15601 --- [           main] s.w.s.m.m.a.RequestMappingHandlerMapping : Mapped "{[/error]}" onto public org.springframework.http.ResponseEntity<java.util.Map<java.lang.String, java.lang.Object>> org.springframework.boot.autoconfigure.web.BasicErrorController.error(javax.servlet.http.HttpServletRequest)
2017-11-26 12:10:05.534  INFO 15601 --- [           main] s.w.s.m.m.a.RequestMappingHandlerMapping : Mapped "{[/error],produces=[text/html]}" onto public org.springframework.web.servlet.ModelAndView org.springframework.boot.autoconfigure.web.BasicErrorController.errorHtml(javax.servlet.http.HttpServletRequest,javax.servlet.http.HttpServletResponse)
2017-11-26 12:10:05.583  INFO 15601 --- [           main] o.s.w.s.handler.SimpleUrlHandlerMapping  : Mapped URL path [/webjars/**] onto handler of type [class org.springframework.web.servlet.resource.ResourceHttpRequestHandler]
2017-11-26 12:10:05.583  INFO 15601 --- [           main] o.s.w.s.handler.SimpleUrlHandlerMapping  : Mapped URL path [/**] onto handler of type [class org.springframework.web.servlet.resource.ResourceHttpRequestHandler]
2017-11-26 12:10:05.638  INFO 15601 --- [           main] o.s.w.s.handler.SimpleUrlHandlerMapping  : Mapped URL path [/**/favicon.ico] onto handler of type [class org.springframework.web.servlet.resource.ResourceHttpRequestHandler]
2017-11-26 12:10:06.548  INFO 15601 --- [           main] o.s.j.e.a.AnnotationMBeanExporter        : Registering beans for JMX exposure on startup
2017-11-26 12:10:06.662  INFO 15601 --- [           main] s.b.c.e.t.TomcatEmbeddedServletContainer : Tomcat started on port(s): 8080 (http)
2017-11-26 12:10:06.671  INFO 15601 --- [           main] p.e.t.security.SpringmvcApplication      : Started SpringmvcApplication in 9.393 seconds (JVM running for 13.996)
2017-11-26 12:11:44.684  INFO 15601 --- [nio-8080-exec-1] o.a.c.c.C.[Tomcat].[localhost].[/]       : Initializing Spring FrameworkServlet 'dispatcherServlet'
2017-11-26 12:11:44.685  INFO 15601 --- [nio-8080-exec-1] o.s.web.servlet.DispatcherServlet        : FrameworkServlet 'dispatcherServlet': initialization started
2017-11-26 12:11:44.742  INFO 15601 --- [nio-8080-exec-1] o.s.web.servlet.DispatcherServlet        : FrameworkServlet 'dispatcherServlet': initialization completed in 56 ms
